
> smart-erp@0.1.0 dev
> next dev

▲ Next.js 16.2.1 (Turbopack)
- Local:         http://localhost:3000
- Network:       http://192.168.1.2:3000
- Environments: .env
✓ Ready in 1392ms

 GET /api/network-ip 200 in 1159ms (next.js: 1132ms, application-code: 27ms)
 GET /api/student/dashboard 401 in 1054ms (next.js: 1034ms, application-code: 20ms)
 POST /api/auth/callback/credentials 302 in 3.8s (next.js: 3.7s, application-code: 63ms)
 GET /api/auth/csrf 200 in 756ms (next.js: 709ms, application-code: 46ms)
 GET /api/auth/csrf 200 in 81ms (next.js: 40ms, application-code: 41ms)
[AUTH] Attempting login for: vignesh@apollo.edu
[AUTH] Using backendUrl: http://localhost:5001
[AUTH] Endpoint: /api/auth/login
[AUTH] Backend response status: 200
[AUTH] OTP_REQUIRED detected
[AUTH] Error in authorize: OTP_REQUIRED
 POST /api/auth/callback/credentials 401 in 545ms (next.js: 30ms, application-code: 515ms)
Error: ENOENT: no such file or directory, scandir '/Users/work/AttendAi-smart-erp/src/app'
    at ignore-listed frames {
  errno: -2,
  code: 'ENOENT',
  syscall: 'scandir',
  path: '/Users/work/AttendAi-smart-erp/src/app'
}
⨯ unhandledRejection: Error: ENOENT: no such file or directory, scandir '/Users/work/AttendAi-smart-erp/src/app'
    at ignore-listed frames {
  errno: -2,
  code: 'ENOENT',
  syscall: 'scandir',
  path: '/Users/work/AttendAi-smart-erp/src/app'
}
⨯ unhandledRejection:  Error: ENOENT: no such file or directory, scandir '/Users/work/AttendAi-smart-erp/src/app'
    at ignore-listed frames {
  errno: -2,
  code: 'ENOENT',
  syscall: 'scandir',
  path: '/Users/work/AttendAi-smart-erp/src/app'
}
✓ Compiled in 850ms
Error: Turbopack build failed with 1 errors:
./
Error: Next.js inferred your workspace root, but it may not be correct.
    We couldn't find the Next.js package (next/package.json) from the project directory: /Users/work/AttendAi-smart-erp
     To fix this, set turbopack.root in your Next.js config, or ensure the Next.js package is resolvable from this directory.
    Note: For security and performance reasons, files outside of the project directory will not be compiled.
    See https://nextjs.org/docs/app/api-reference/config/next-config-js/turbopack#root-directory for more information.

    at ignore-listed frames
[?25h
